Performing C SOURCE FILE Test CompilePCFromUContext failed with the following output:
Change Dir: /home/gongsf/program/MaiterInc/bin/release/CMakeFiles/CMakeTmp

Run Build Command:"/usr/bin/make" "cmTC_9ddc4/fast"
make[1]: Entering directory '/home/gongsf/program/MaiterInc/bin/release/CMakeFiles/CMakeTmp'
/usr/bin/make -f CMakeFiles/cmTC_9ddc4.dir/build.make CMakeFiles/cmTC_9ddc4.dir/build
make[2]: Entering directory '/home/gongsf/program/MaiterInc/bin/release/CMakeFiles/CMakeTmp'
Building C object CMakeFiles/cmTC_9ddc4.dir/src.c.o
/usr/bin/cc   -DCompilePCFromUContext   -o CMakeFiles/cmTC_9ddc4.dir/src.c.o   -c /home/gongsf/program/MaiterInc/bin/release/CMakeFiles/CMakeTmp/src.c
/home/gongsf/program/MaiterInc/bin/release/CMakeFiles/CMakeTmp/src.c: In function 'main':
/home/gongsf/program/MaiterInc/bin/release/CMakeFiles/CMakeTmp/src.c:8:34: error: 'REG_EIP' undeclared (first use in this function); did you mean 'REG_RIP'?
     return ctx.uc_mcontext.gregs[REG_EIP] == 0;
                                  ^~~~~~~
                                  REG_RIP
/home/gongsf/program/MaiterInc/bin/release/CMakeFiles/CMakeTmp/src.c:8:34: note: each undeclared identifier is reported only once for each function it appears in
CMakeFiles/cmTC_9ddc4.dir/build.make:65: recipe for target 'CMakeFiles/cmTC_9ddc4.dir/src.c.o' failed
make[2]: *** [CMakeFiles/cmTC_9ddc4.dir/src.c.o] Error 1
make[2]: Leaving directory '/home/gongsf/program/MaiterInc/bin/release/CMakeFiles/CMakeTmp'
Makefile:126: recipe for target 'cmTC_9ddc4/fast' failed
make[1]: *** [cmTC_9ddc4/fast] Error 2
make[1]: Leaving directory '/home/gongsf/program/MaiterInc/bin/release/CMakeFiles/CMakeTmp'

Source file was:

  #define _GNU_SOURCE 1
  
#include <ucontext.h>
#include <sys/ucontext.h>
  int main(int argc, char** argv) {
    ucontext_t ctx;
    return ctx.uc_mcontext.gregs[REG_EIP] == 0;
  }
Determining if the pthread_create exist failed with the following output:
Change Dir: /home/gongsf/program/MaiterInc/bin/release/CMakeFiles/CMakeTmp

Run Build Command:"/usr/bin/make" "cmTC_9daf5/fast"
make[1]: Entering directory '/home/gongsf/program/MaiterInc/bin/release/CMakeFiles/CMakeTmp'
/usr/bin/make -f CMakeFiles/cmTC_9daf5.dir/build.make CMakeFiles/cmTC_9daf5.dir/build
make[2]: Entering directory '/home/gongsf/program/MaiterInc/bin/release/CMakeFiles/CMakeTmp'
Building C object CMakeFiles/cmTC_9daf5.dir/CheckSymbolExists.c.o
/usr/bin/cc    -o CMakeFiles/cmTC_9daf5.dir/CheckSymbolExists.c.o   -c /home/gongsf/program/MaiterInc/bin/release/CMakeFiles/CMakeTmp/CheckSymbolExists.c
Linking C executable cmTC_9daf5
/usr/bin/cmake -E cmake_link_script CMakeFiles/cmTC_9daf5.dir/link.txt --verbose=1
/usr/bin/cc      -rdynamic CMakeFiles/cmTC_9daf5.dir/CheckSymbolExists.c.o  -o cmTC_9daf5 
CMakeFiles/cmTC_9daf5.dir/CheckSymbolExists.c.o: In function `main':
CheckSymbolExists.c:(.text+0x1b): undefined reference to `pthread_create'
collect2: error: ld returned 1 exit status
CMakeFiles/cmTC_9daf5.dir/build.make:97: recipe for target 'cmTC_9daf5' failed
make[2]: *** [cmTC_9daf5] Error 1
make[2]: Leaving directory '/home/gongsf/program/MaiterInc/bin/release/CMakeFiles/CMakeTmp'
Makefile:126: recipe for target 'cmTC_9daf5/fast' failed
make[1]: *** [cmTC_9daf5/fast] Error 2
make[1]: Leaving directory '/home/gongsf/program/MaiterInc/bin/release/CMakeFiles/CMakeTmp'

File /home/gongsf/program/MaiterInc/bin/release/CMakeFiles/CMakeTmp/CheckSymbolExists.c:
/* */
#include <pthread.h>

int main(int argc, char** argv)
{
  (void)argv;
#ifndef pthread_create
  return ((int*)(&pthread_create))[argc];
#else
  (void)argc;
  return 0;
#endif
}

Determining if the function pthread_create exists in the pthreads failed with the following output:
Change Dir: /home/gongsf/program/MaiterInc/bin/release/CMakeFiles/CMakeTmp

Run Build Command:"/usr/bin/make" "cmTC_43f22/fast"
make[1]: Entering directory '/home/gongsf/program/MaiterInc/bin/release/CMakeFiles/CMakeTmp'
/usr/bin/make -f CMakeFiles/cmTC_43f22.dir/build.make CMakeFiles/cmTC_43f22.dir/build
make[2]: Entering directory '/home/gongsf/program/MaiterInc/bin/release/CMakeFiles/CMakeTmp'
Building C object CMakeFiles/cmTC_43f22.dir/CheckFunctionExists.c.o
/usr/bin/cc   -DCHECK_FUNCTION_EXISTS=pthread_create   -o CMakeFiles/cmTC_43f22.dir/CheckFunctionExists.c.o   -c /usr/share/cmake-3.10/Modules/CheckFunctionExists.c
Linking C executable cmTC_43f22
/usr/bin/cmake -E cmake_link_script CMakeFiles/cmTC_43f22.dir/link.txt --verbose=1
/usr/bin/cc  -DCHECK_FUNCTION_EXISTS=pthread_create    -rdynamic CMakeFiles/cmTC_43f22.dir/CheckFunctionExists.c.o  -o cmTC_43f22 -lpthreads 
/usr/bin/ld: cannot find -lpthreads
collect2: error: ld returned 1 exit status
CMakeFiles/cmTC_43f22.dir/build.make:97: recipe for target 'cmTC_43f22' failed
make[2]: *** [cmTC_43f22] Error 1
make[2]: Leaving directory '/home/gongsf/program/MaiterInc/bin/release/CMakeFiles/CMakeTmp'
Makefile:126: recipe for target 'cmTC_43f22/fast' failed
make[1]: *** [cmTC_43f22/fast] Error 2
make[1]: Leaving directory '/home/gongsf/program/MaiterInc/bin/release/CMakeFiles/CMakeTmp'


Determining if the include file /usr/include/libunwind.h exists failed with the following output:
Change Dir: /home/gongsf/program/MaiterInc/bin/release/CMakeFiles/CMakeTmp

Run Build Command:"/usr/bin/make" "cmTC_f7c19/fast"
make[1]: Entering directory '/home/gongsf/program/MaiterInc/bin/release/CMakeFiles/CMakeTmp'
/usr/bin/make -f CMakeFiles/cmTC_f7c19.dir/build.make CMakeFiles/cmTC_f7c19.dir/build
make[2]: Entering directory '/home/gongsf/program/MaiterInc/bin/release/CMakeFiles/CMakeTmp'
Building C object CMakeFiles/cmTC_f7c19.dir/CheckIncludeFile.c.o
/usr/bin/cc    -o CMakeFiles/cmTC_f7c19.dir/CheckIncludeFile.c.o   -c /home/gongsf/program/MaiterInc/bin/release/CMakeFiles/CMakeTmp/CheckIncludeFile.c
/home/gongsf/program/MaiterInc/bin/release/CMakeFiles/CMakeTmp/CheckIncludeFile.c:1:10: fatal error: /usr/include/libunwind.h: No such file or directory
 #include </usr/include/libunwind.h>
          ^~~~~~~~~~~~~~~~~~~~~~~~~~
compilation terminated.
CMakeFiles/cmTC_f7c19.dir/build.make:65: recipe for target 'CMakeFiles/cmTC_f7c19.dir/CheckIncludeFile.c.o' failed
make[2]: *** [CMakeFiles/cmTC_f7c19.dir/CheckIncludeFile.c.o] Error 1
make[2]: Leaving directory '/home/gongsf/program/MaiterInc/bin/release/CMakeFiles/CMakeTmp'
Makefile:126: recipe for target 'cmTC_f7c19/fast' failed
make[1]: *** [cmTC_f7c19/fast] Error 2
make[1]: Leaving directory '/home/gongsf/program/MaiterInc/bin/release/CMakeFiles/CMakeTmp'


Performing C SOURCE FILE Test CompilePCFromUContext failed with the following output:
Change Dir: /home/gongsf/program/MaiterInc/bin/release/CMakeFiles/CMakeTmp

Run Build Command:"/usr/bin/make" "cmTC_12ebe/fast"
make[1]: Entering directory '/home/gongsf/program/MaiterInc/bin/release/CMakeFiles/CMakeTmp'
/usr/bin/make -f CMakeFiles/cmTC_12ebe.dir/build.make CMakeFiles/cmTC_12ebe.dir/build
make[2]: Entering directory '/home/gongsf/program/MaiterInc/bin/release/CMakeFiles/CMakeTmp'
Building C object CMakeFiles/cmTC_12ebe.dir/src.c.o
/usr/bin/cc   -DCompilePCFromUContext   -o CMakeFiles/cmTC_12ebe.dir/src.c.o   -c /home/gongsf/program/MaiterInc/bin/release/CMakeFiles/CMakeTmp/src.c
/home/gongsf/program/MaiterInc/bin/release/CMakeFiles/CMakeTmp/src.c: In function 'main':
/home/gongsf/program/MaiterInc/bin/release/CMakeFiles/CMakeTmp/src.c:8:34: error: 'REG_EIP' undeclared (first use in this function); did you mean 'REG_RIP'?
     return ctx.uc_mcontext.gregs[REG_EIP] == 0;
                                  ^~~~~~~
                                  REG_RIP
/home/gongsf/program/MaiterInc/bin/release/CMakeFiles/CMakeTmp/src.c:8:34: note: each undeclared identifier is reported only once for each function it appears in
CMakeFiles/cmTC_12ebe.dir/build.make:65: recipe for target 'CMakeFiles/cmTC_12ebe.dir/src.c.o' failed
make[2]: *** [CMakeFiles/cmTC_12ebe.dir/src.c.o] Error 1
make[2]: Leaving directory '/home/gongsf/program/MaiterInc/bin/release/CMakeFiles/CMakeTmp'
Makefile:126: recipe for target 'cmTC_12ebe/fast' failed
make[1]: *** [cmTC_12ebe/fast] Error 2
make[1]: Leaving directory '/home/gongsf/program/MaiterInc/bin/release/CMakeFiles/CMakeTmp'

Source file was:

  #define _GNU_SOURCE 1
  
#include <ucontext.h>
#include <sys/ucontext.h>
  int main(int argc, char** argv) {
    ucontext_t ctx;
    return ctx.uc_mcontext.gregs[REG_EIP] == 0;
  }
Performing C SOURCE FILE Test CompilePCFromUContext failed with the following output:
Change Dir: /home/gongsf/program/MaiterInc/bin/release/CMakeFiles/CMakeTmp

Run Build Command:"/usr/bin/make" "cmTC_dafc6/fast"
make[1]: Entering directory '/home/gongsf/program/MaiterInc/bin/release/CMakeFiles/CMakeTmp'
/usr/bin/make -f CMakeFiles/cmTC_dafc6.dir/build.make CMakeFiles/cmTC_dafc6.dir/build
make[2]: Entering directory '/home/gongsf/program/MaiterInc/bin/release/CMakeFiles/CMakeTmp'
Building C object CMakeFiles/cmTC_dafc6.dir/src.c.o
/usr/bin/cc   -DCompilePCFromUContext   -o CMakeFiles/cmTC_dafc6.dir/src.c.o   -c /home/gongsf/program/MaiterInc/bin/release/CMakeFiles/CMakeTmp/src.c
/home/gongsf/program/MaiterInc/bin/release/CMakeFiles/CMakeTmp/src.c: In function 'main':
/home/gongsf/program/MaiterInc/bin/release/CMakeFiles/CMakeTmp/src.c:8:34: error: 'REG_EIP' undeclared (first use in this function); did you mean 'REG_RIP'?
     return ctx.uc_mcontext.gregs[REG_EIP] == 0;
                                  ^~~~~~~
                                  REG_RIP
/home/gongsf/program/MaiterInc/bin/release/CMakeFiles/CMakeTmp/src.c:8:34: note: each undeclared identifier is reported only once for each function it appears in
CMakeFiles/cmTC_dafc6.dir/build.make:65: recipe for target 'CMakeFiles/cmTC_dafc6.dir/src.c.o' failed
make[2]: *** [CMakeFiles/cmTC_dafc6.dir/src.c.o] Error 1
make[2]: Leaving directory '/home/gongsf/program/MaiterInc/bin/release/CMakeFiles/CMakeTmp'
Makefile:126: recipe for target 'cmTC_dafc6/fast' failed
make[1]: *** [cmTC_dafc6/fast] Error 2
make[1]: Leaving directory '/home/gongsf/program/MaiterInc/bin/release/CMakeFiles/CMakeTmp'

Source file was:

  #define _GNU_SOURCE 1
  
#include <ucontext.h>
#include <sys/ucontext.h>
  int main(int argc, char** argv) {
    ucontext_t ctx;
    return ctx.uc_mcontext.gregs[REG_EIP] == 0;
  }
Performing C SOURCE FILE Test CompilePCFromUContext failed with the following output:
Change Dir: /home/gongsf/program/MaiterInc/bin/release/CMakeFiles/CMakeTmp

Run Build Command:"/usr/bin/make" "cmTC_6af28/fast"
make[1]: Entering directory '/home/gongsf/program/MaiterInc/bin/release/CMakeFiles/CMakeTmp'
/usr/bin/make -f CMakeFiles/cmTC_6af28.dir/build.make CMakeFiles/cmTC_6af28.dir/build
make[2]: Entering directory '/home/gongsf/program/MaiterInc/bin/release/CMakeFiles/CMakeTmp'
Building C object CMakeFiles/cmTC_6af28.dir/src.c.o
/usr/bin/cc   -DCompilePCFromUContext   -o CMakeFiles/cmTC_6af28.dir/src.c.o   -c /home/gongsf/program/MaiterInc/bin/release/CMakeFiles/CMakeTmp/src.c
/home/gongsf/program/MaiterInc/bin/release/CMakeFiles/CMakeTmp/src.c: In function 'main':
/home/gongsf/program/MaiterInc/bin/release/CMakeFiles/CMakeTmp/src.c:8:34: error: 'REG_EIP' undeclared (first use in this function); did you mean 'REG_RIP'?
     return ctx.uc_mcontext.gregs[REG_EIP] == 0;
                                  ^~~~~~~
                                  REG_RIP
/home/gongsf/program/MaiterInc/bin/release/CMakeFiles/CMakeTmp/src.c:8:34: note: each undeclared identifier is reported only once for each function it appears in
CMakeFiles/cmTC_6af28.dir/build.make:65: recipe for target 'CMakeFiles/cmTC_6af28.dir/src.c.o' failed
make[2]: *** [CMakeFiles/cmTC_6af28.dir/src.c.o] Error 1
make[2]: Leaving directory '/home/gongsf/program/MaiterInc/bin/release/CMakeFiles/CMakeTmp'
Makefile:126: recipe for target 'cmTC_6af28/fast' failed
make[1]: *** [cmTC_6af28/fast] Error 2
make[1]: Leaving directory '/home/gongsf/program/MaiterInc/bin/release/CMakeFiles/CMakeTmp'

Source file was:

  #define _GNU_SOURCE 1
  
#include <ucontext.h>
#include <sys/ucontext.h>
  int main(int argc, char** argv) {
    ucontext_t ctx;
    return ctx.uc_mcontext.gregs[REG_EIP] == 0;
  }
Performing C SOURCE FILE Test CompilePCFromUContext failed with the following output:
Change Dir: /home/gongsf/program/MaiterInc/bin/release/CMakeFiles/CMakeTmp

Run Build Command:"/usr/bin/make" "cmTC_0036a/fast"
make[1]: Entering directory '/home/gongsf/program/MaiterInc/bin/release/CMakeFiles/CMakeTmp'
/usr/bin/make -f CMakeFiles/cmTC_0036a.dir/build.make CMakeFiles/cmTC_0036a.dir/build
make[2]: Entering directory '/home/gongsf/program/MaiterInc/bin/release/CMakeFiles/CMakeTmp'
Building C object CMakeFiles/cmTC_0036a.dir/src.c.o
/usr/bin/cc   -DCompilePCFromUContext   -o CMakeFiles/cmTC_0036a.dir/src.c.o   -c /home/gongsf/program/MaiterInc/bin/release/CMakeFiles/CMakeTmp/src.c
/home/gongsf/program/MaiterInc/bin/release/CMakeFiles/CMakeTmp/src.c: In function 'main':
/home/gongsf/program/MaiterInc/bin/release/CMakeFiles/CMakeTmp/src.c:8:34: error: 'REG_EIP' undeclared (first use in this function); did you mean 'REG_RIP'?
     return ctx.uc_mcontext.gregs[REG_EIP] == 0;
                                  ^~~~~~~
                                  REG_RIP
/home/gongsf/program/MaiterInc/bin/release/CMakeFiles/CMakeTmp/src.c:8:34: note: each undeclared identifier is reported only once for each function it appears in
CMakeFiles/cmTC_0036a.dir/build.make:65: recipe for target 'CMakeFiles/cmTC_0036a.dir/src.c.o' failed
make[2]: *** [CMakeFiles/cmTC_0036a.dir/src.c.o] Error 1
make[2]: Leaving directory '/home/gongsf/program/MaiterInc/bin/release/CMakeFiles/CMakeTmp'
Makefile:126: recipe for target 'cmTC_0036a/fast' failed
make[1]: *** [cmTC_0036a/fast] Error 2
make[1]: Leaving directory '/home/gongsf/program/MaiterInc/bin/release/CMakeFiles/CMakeTmp'

Source file was:

  #define _GNU_SOURCE 1
  
#include <ucontext.h>
#include <sys/ucontext.h>
  int main(int argc, char** argv) {
    ucontext_t ctx;
    return ctx.uc_mcontext.gregs[REG_EIP] == 0;
  }
Performing C SOURCE FILE Test CompilePCFromUContext failed with the following output:
Change Dir: /home/gongsf/program/MaiterInc/bin/release/CMakeFiles/CMakeTmp

Run Build Command:"/usr/bin/make" "cmTC_f898c/fast"
make[1]: Entering directory '/home/gongsf/program/MaiterInc/bin/release/CMakeFiles/CMakeTmp'
/usr/bin/make -f CMakeFiles/cmTC_f898c.dir/build.make CMakeFiles/cmTC_f898c.dir/build
make[2]: Entering directory '/home/gongsf/program/MaiterInc/bin/release/CMakeFiles/CMakeTmp'
Building C object CMakeFiles/cmTC_f898c.dir/src.c.o
/usr/bin/cc   -DCompilePCFromUContext   -o CMakeFiles/cmTC_f898c.dir/src.c.o   -c /home/gongsf/program/MaiterInc/bin/release/CMakeFiles/CMakeTmp/src.c
/home/gongsf/program/MaiterInc/bin/release/CMakeFiles/CMakeTmp/src.c: In function 'main':
/home/gongsf/program/MaiterInc/bin/release/CMakeFiles/CMakeTmp/src.c:8:34: error: 'REG_EIP' undeclared (first use in this function); did you mean 'REG_RIP'?
     return ctx.uc_mcontext.gregs[REG_EIP] == 0;
                                  ^~~~~~~
                                  REG_RIP
/home/gongsf/program/MaiterInc/bin/release/CMakeFiles/CMakeTmp/src.c:8:34: note: each undeclared identifier is reported only once for each function it appears in
CMakeFiles/cmTC_f898c.dir/build.make:65: recipe for target 'CMakeFiles/cmTC_f898c.dir/src.c.o' failed
make[2]: *** [CMakeFiles/cmTC_f898c.dir/src.c.o] Error 1
make[2]: Leaving directory '/home/gongsf/program/MaiterInc/bin/release/CMakeFiles/CMakeTmp'
Makefile:126: recipe for target 'cmTC_f898c/fast' failed
make[1]: *** [cmTC_f898c/fast] Error 2
make[1]: Leaving directory '/home/gongsf/program/MaiterInc/bin/release/CMakeFiles/CMakeTmp'

Source file was:

  #define _GNU_SOURCE 1
  
#include <ucontext.h>
#include <sys/ucontext.h>
  int main(int argc, char** argv) {
    ucontext_t ctx;
    return ctx.uc_mcontext.gregs[REG_EIP] == 0;
  }
Performing C SOURCE FILE Test CompilePCFromUContext failed with the following output:
Change Dir: /home/gongsf/program/MaiterInc/bin/release/CMakeFiles/CMakeTmp

Run Build Command:"/usr/bin/make" "cmTC_4c976/fast"
make[1]: Entering directory '/home/gongsf/program/MaiterInc/bin/release/CMakeFiles/CMakeTmp'
/usr/bin/make -f CMakeFiles/cmTC_4c976.dir/build.make CMakeFiles/cmTC_4c976.dir/build
make[2]: Entering directory '/home/gongsf/program/MaiterInc/bin/release/CMakeFiles/CMakeTmp'
Building C object CMakeFiles/cmTC_4c976.dir/src.c.o
/usr/bin/cc   -DCompilePCFromUContext   -o CMakeFiles/cmTC_4c976.dir/src.c.o   -c /home/gongsf/program/MaiterInc/bin/release/CMakeFiles/CMakeTmp/src.c
/home/gongsf/program/MaiterInc/bin/release/CMakeFiles/CMakeTmp/src.c: In function 'main':
/home/gongsf/program/MaiterInc/bin/release/CMakeFiles/CMakeTmp/src.c:8:34: error: 'REG_EIP' undeclared (first use in this function); did you mean 'REG_RIP'?
     return ctx.uc_mcontext.gregs[REG_EIP] == 0;
                                  ^~~~~~~
                                  REG_RIP
/home/gongsf/program/MaiterInc/bin/release/CMakeFiles/CMakeTmp/src.c:8:34: note: each undeclared identifier is reported only once for each function it appears in
CMakeFiles/cmTC_4c976.dir/build.make:65: recipe for target 'CMakeFiles/cmTC_4c976.dir/src.c.o' failed
make[2]: *** [CMakeFiles/cmTC_4c976.dir/src.c.o] Error 1
make[2]: Leaving directory '/home/gongsf/program/MaiterInc/bin/release/CMakeFiles/CMakeTmp'
Makefile:126: recipe for target 'cmTC_4c976/fast' failed
make[1]: *** [cmTC_4c976/fast] Error 2
make[1]: Leaving directory '/home/gongsf/program/MaiterInc/bin/release/CMakeFiles/CMakeTmp'

Source file was:

  #define _GNU_SOURCE 1
  
#include <ucontext.h>
#include <sys/ucontext.h>
  int main(int argc, char** argv) {
    ucontext_t ctx;
    return ctx.uc_mcontext.gregs[REG_EIP] == 0;
  }
Performing C SOURCE FILE Test CompilePCFromUContext failed with the following output:
Change Dir: /home/gongsf/program/MaiterInc/bin/release/CMakeFiles/CMakeTmp

Run Build Command:"/usr/bin/make" "cmTC_2a4b5/fast"
make[1]: Entering directory '/home/gongsf/program/MaiterInc/bin/release/CMakeFiles/CMakeTmp'
/usr/bin/make -f CMakeFiles/cmTC_2a4b5.dir/build.make CMakeFiles/cmTC_2a4b5.dir/build
make[2]: Entering directory '/home/gongsf/program/MaiterInc/bin/release/CMakeFiles/CMakeTmp'
Building C object CMakeFiles/cmTC_2a4b5.dir/src.c.o
/usr/bin/cc   -DCompilePCFromUContext   -o CMakeFiles/cmTC_2a4b5.dir/src.c.o   -c /home/gongsf/program/MaiterInc/bin/release/CMakeFiles/CMakeTmp/src.c
/home/gongsf/program/MaiterInc/bin/release/CMakeFiles/CMakeTmp/src.c: In function 'main':
/home/gongsf/program/MaiterInc/bin/release/CMakeFiles/CMakeTmp/src.c:8:34: error: 'REG_EIP' undeclared (first use in this function); did you mean 'REG_RIP'?
     return ctx.uc_mcontext.gregs[REG_EIP] == 0;
                                  ^~~~~~~
                                  REG_RIP
/home/gongsf/program/MaiterInc/bin/release/CMakeFiles/CMakeTmp/src.c:8:34: note: each undeclared identifier is reported only once for each function it appears in
CMakeFiles/cmTC_2a4b5.dir/build.make:65: recipe for target 'CMakeFiles/cmTC_2a4b5.dir/src.c.o' failed
make[2]: *** [CMakeFiles/cmTC_2a4b5.dir/src.c.o] Error 1
make[2]: Leaving directory '/home/gongsf/program/MaiterInc/bin/release/CMakeFiles/CMakeTmp'
Makefile:126: recipe for target 'cmTC_2a4b5/fast' failed
make[1]: *** [cmTC_2a4b5/fast] Error 2
make[1]: Leaving directory '/home/gongsf/program/MaiterInc/bin/release/CMakeFiles/CMakeTmp'

Source file was:

  #define _GNU_SOURCE 1
  
#include <ucontext.h>
#include <sys/ucontext.h>
  int main(int argc, char** argv) {
    ucontext_t ctx;
    return ctx.uc_mcontext.gregs[REG_EIP] == 0;
  }
Performing C SOURCE FILE Test CompilePCFromUContext failed with the following output:
Change Dir: /home/gongsf/program/MaiterInc/bin/release/CMakeFiles/CMakeTmp

Run Build Command:"/usr/bin/make" "cmTC_5b56b/fast"
make[1]: Entering directory '/home/gongsf/program/MaiterInc/bin/release/CMakeFiles/CMakeTmp'
/usr/bin/make -f CMakeFiles/cmTC_5b56b.dir/build.make CMakeFiles/cmTC_5b56b.dir/build
make[2]: Entering directory '/home/gongsf/program/MaiterInc/bin/release/CMakeFiles/CMakeTmp'
Building C object CMakeFiles/cmTC_5b56b.dir/src.c.o
/usr/bin/cc   -DCompilePCFromUContext   -o CMakeFiles/cmTC_5b56b.dir/src.c.o   -c /home/gongsf/program/MaiterInc/bin/release/CMakeFiles/CMakeTmp/src.c
/home/gongsf/program/MaiterInc/bin/release/CMakeFiles/CMakeTmp/src.c: In function 'main':
/home/gongsf/program/MaiterInc/bin/release/CMakeFiles/CMakeTmp/src.c:8:34: error: 'REG_EIP' undeclared (first use in this function); did you mean 'REG_RIP'?
     return ctx.uc_mcontext.gregs[REG_EIP] == 0;
                                  ^~~~~~~
                                  REG_RIP
/home/gongsf/program/MaiterInc/bin/release/CMakeFiles/CMakeTmp/src.c:8:34: note: each undeclared identifier is reported only once for each function it appears in
CMakeFiles/cmTC_5b56b.dir/build.make:65: recipe for target 'CMakeFiles/cmTC_5b56b.dir/src.c.o' failed
make[2]: *** [CMakeFiles/cmTC_5b56b.dir/src.c.o] Error 1
make[2]: Leaving directory '/home/gongsf/program/MaiterInc/bin/release/CMakeFiles/CMakeTmp'
Makefile:126: recipe for target 'cmTC_5b56b/fast' failed
make[1]: *** [cmTC_5b56b/fast] Error 2
make[1]: Leaving directory '/home/gongsf/program/MaiterInc/bin/release/CMakeFiles/CMakeTmp'

Source file was:

  #define _GNU_SOURCE 1
  
#include <ucontext.h>
#include <sys/ucontext.h>
  int main(int argc, char** argv) {
    ucontext_t ctx;
    return ctx.uc_mcontext.gregs[REG_EIP] == 0;
  }
Performing C SOURCE FILE Test CompilePCFromUContext failed with the following output:
Change Dir: /home/gongsf/program/MaiterInc/bin/release/CMakeFiles/CMakeTmp

Run Build Command:"/usr/bin/make" "cmTC_2363c/fast"
make[1]: Entering directory '/home/gongsf/program/MaiterInc/bin/release/CMakeFiles/CMakeTmp'
/usr/bin/make -f CMakeFiles/cmTC_2363c.dir/build.make CMakeFiles/cmTC_2363c.dir/build
make[2]: Entering directory '/home/gongsf/program/MaiterInc/bin/release/CMakeFiles/CMakeTmp'
Building C object CMakeFiles/cmTC_2363c.dir/src.c.o
/usr/bin/cc   -DCompilePCFromUContext   -o CMakeFiles/cmTC_2363c.dir/src.c.o   -c /home/gongsf/program/MaiterInc/bin/release/CMakeFiles/CMakeTmp/src.c
/home/gongsf/program/MaiterInc/bin/release/CMakeFiles/CMakeTmp/src.c: In function 'main':
/home/gongsf/program/MaiterInc/bin/release/CMakeFiles/CMakeTmp/src.c:8:34: error: 'REG_EIP' undeclared (first use in this function); did you mean 'REG_RIP'?
     return ctx.uc_mcontext.gregs[REG_EIP] == 0;
                                  ^~~~~~~
                                  REG_RIP
/home/gongsf/program/MaiterInc/bin/release/CMakeFiles/CMakeTmp/src.c:8:34: note: each undeclared identifier is reported only once for each function it appears in
CMakeFiles/cmTC_2363c.dir/build.make:65: recipe for target 'CMakeFiles/cmTC_2363c.dir/src.c.o' failed
make[2]: *** [CMakeFiles/cmTC_2363c.dir/src.c.o] Error 1
make[2]: Leaving directory '/home/gongsf/program/MaiterInc/bin/release/CMakeFiles/CMakeTmp'
Makefile:126: recipe for target 'cmTC_2363c/fast' failed
make[1]: *** [cmTC_2363c/fast] Error 2
make[1]: Leaving directory '/home/gongsf/program/MaiterInc/bin/release/CMakeFiles/CMakeTmp'

Source file was:

  #define _GNU_SOURCE 1
  
#include <ucontext.h>
#include <sys/ucontext.h>
  int main(int argc, char** argv) {
    ucontext_t ctx;
    return ctx.uc_mcontext.gregs[REG_EIP] == 0;
  }
Performing C SOURCE FILE Test CompilePCFromUContext failed with the following output:
Change Dir: /home/gongsf/program/MaiterInc/bin/release/CMakeFiles/CMakeTmp

Run Build Command:"/usr/bin/make" "cmTC_10c18/fast"
make[1]: Entering directory '/home/gongsf/program/MaiterInc/bin/release/CMakeFiles/CMakeTmp'
/usr/bin/make -f CMakeFiles/cmTC_10c18.dir/build.make CMakeFiles/cmTC_10c18.dir/build
make[2]: Entering directory '/home/gongsf/program/MaiterInc/bin/release/CMakeFiles/CMakeTmp'
Building C object CMakeFiles/cmTC_10c18.dir/src.c.o
/usr/bin/cc   -DCompilePCFromUContext   -o CMakeFiles/cmTC_10c18.dir/src.c.o   -c /home/gongsf/program/MaiterInc/bin/release/CMakeFiles/CMakeTmp/src.c
/home/gongsf/program/MaiterInc/bin/release/CMakeFiles/CMakeTmp/src.c: In function 'main':
/home/gongsf/program/MaiterInc/bin/release/CMakeFiles/CMakeTmp/src.c:8:34: error: 'REG_EIP' undeclared (first use in this function); did you mean 'REG_RIP'?
     return ctx.uc_mcontext.gregs[REG_EIP] == 0;
                                  ^~~~~~~
                                  REG_RIP
/home/gongsf/program/MaiterInc/bin/release/CMakeFiles/CMakeTmp/src.c:8:34: note: each undeclared identifier is reported only once for each function it appears in
CMakeFiles/cmTC_10c18.dir/build.make:65: recipe for target 'CMakeFiles/cmTC_10c18.dir/src.c.o' failed
make[2]: *** [CMakeFiles/cmTC_10c18.dir/src.c.o] Error 1
make[2]: Leaving directory '/home/gongsf/program/MaiterInc/bin/release/CMakeFiles/CMakeTmp'
Makefile:126: recipe for target 'cmTC_10c18/fast' failed
make[1]: *** [cmTC_10c18/fast] Error 2
make[1]: Leaving directory '/home/gongsf/program/MaiterInc/bin/release/CMakeFiles/CMakeTmp'

Source file was:

  #define _GNU_SOURCE 1
  
#include <ucontext.h>
#include <sys/ucontext.h>
  int main(int argc, char** argv) {
    ucontext_t ctx;
    return ctx.uc_mcontext.gregs[REG_EIP] == 0;
  }
Performing C SOURCE FILE Test CompilePCFromUContext failed with the following output:
Change Dir: /home/gongsf/program/MaiterInc/bin/release/CMakeFiles/CMakeTmp

Run Build Command:"/usr/bin/make" "cmTC_46c50/fast"
make[1]: Entering directory '/home/gongsf/program/MaiterInc/bin/release/CMakeFiles/CMakeTmp'
/usr/bin/make -f CMakeFiles/cmTC_46c50.dir/build.make CMakeFiles/cmTC_46c50.dir/build
make[2]: Entering directory '/home/gongsf/program/MaiterInc/bin/release/CMakeFiles/CMakeTmp'
Building C object CMakeFiles/cmTC_46c50.dir/src.c.o
/usr/bin/cc   -DCompilePCFromUContext   -o CMakeFiles/cmTC_46c50.dir/src.c.o   -c /home/gongsf/program/MaiterInc/bin/release/CMakeFiles/CMakeTmp/src.c
/home/gongsf/program/MaiterInc/bin/release/CMakeFiles/CMakeTmp/src.c: In function 'main':
/home/gongsf/program/MaiterInc/bin/release/CMakeFiles/CMakeTmp/src.c:8:34: error: 'REG_EIP' undeclared (first use in this function); did you mean 'REG_RIP'?
     return ctx.uc_mcontext.gregs[REG_EIP] == 0;
                                  ^~~~~~~
                                  REG_RIP
/home/gongsf/program/MaiterInc/bin/release/CMakeFiles/CMakeTmp/src.c:8:34: note: each undeclared identifier is reported only once for each function it appears in
CMakeFiles/cmTC_46c50.dir/build.make:65: recipe for target 'CMakeFiles/cmTC_46c50.dir/src.c.o' failed
make[2]: *** [CMakeFiles/cmTC_46c50.dir/src.c.o] Error 1
make[2]: Leaving directory '/home/gongsf/program/MaiterInc/bin/release/CMakeFiles/CMakeTmp'
Makefile:126: recipe for target 'cmTC_46c50/fast' failed
make[1]: *** [cmTC_46c50/fast] Error 2
make[1]: Leaving directory '/home/gongsf/program/MaiterInc/bin/release/CMakeFiles/CMakeTmp'

Source file was:

  #define _GNU_SOURCE 1
  
#include <ucontext.h>
#include <sys/ucontext.h>
  int main(int argc, char** argv) {
    ucontext_t ctx;
    return ctx.uc_mcontext.gregs[REG_EIP] == 0;
  }
Performing C SOURCE FILE Test CompilePCFromUContext failed with the following output:
Change Dir: /home/gongsf/program/MaiterInc/bin/release/CMakeFiles/CMakeTmp

Run Build Command:"/usr/bin/make" "cmTC_e3435/fast"
make[1]: Entering directory '/home/gongsf/program/MaiterInc/bin/release/CMakeFiles/CMakeTmp'
/usr/bin/make -f CMakeFiles/cmTC_e3435.dir/build.make CMakeFiles/cmTC_e3435.dir/build
make[2]: Entering directory '/home/gongsf/program/MaiterInc/bin/release/CMakeFiles/CMakeTmp'
Building C object CMakeFiles/cmTC_e3435.dir/src.c.o
/usr/bin/cc   -DCompilePCFromUContext   -o CMakeFiles/cmTC_e3435.dir/src.c.o   -c /home/gongsf/program/MaiterInc/bin/release/CMakeFiles/CMakeTmp/src.c
/home/gongsf/program/MaiterInc/bin/release/CMakeFiles/CMakeTmp/src.c: In function 'main':
/home/gongsf/program/MaiterInc/bin/release/CMakeFiles/CMakeTmp/src.c:8:34: error: 'REG_EIP' undeclared (first use in this function); did you mean 'REG_RIP'?
     return ctx.uc_mcontext.gregs[REG_EIP] == 0;
                                  ^~~~~~~
                                  REG_RIP
/home/gongsf/program/MaiterInc/bin/release/CMakeFiles/CMakeTmp/src.c:8:34: note: each undeclared identifier is reported only once for each function it appears in
CMakeFiles/cmTC_e3435.dir/build.make:65: recipe for target 'CMakeFiles/cmTC_e3435.dir/src.c.o' failed
make[2]: *** [CMakeFiles/cmTC_e3435.dir/src.c.o] Error 1
make[2]: Leaving directory '/home/gongsf/program/MaiterInc/bin/release/CMakeFiles/CMakeTmp'
Makefile:126: recipe for target 'cmTC_e3435/fast' failed
make[1]: *** [cmTC_e3435/fast] Error 2
make[1]: Leaving directory '/home/gongsf/program/MaiterInc/bin/release/CMakeFiles/CMakeTmp'

Source file was:

  #define _GNU_SOURCE 1
  
#include <ucontext.h>
#include <sys/ucontext.h>
  int main(int argc, char** argv) {
    ucontext_t ctx;
    return ctx.uc_mcontext.gregs[REG_EIP] == 0;
  }
Performing C SOURCE FILE Test CompilePCFromUContext failed with the following output:
Change Dir: /home/gongsf/program/MaiterInc/bin/release/CMakeFiles/CMakeTmp

Run Build Command:"/usr/bin/make" "cmTC_0533a/fast"
make[1]: Entering directory '/home/gongsf/program/MaiterInc/bin/release/CMakeFiles/CMakeTmp'
/usr/bin/make -f CMakeFiles/cmTC_0533a.dir/build.make CMakeFiles/cmTC_0533a.dir/build
make[2]: Entering directory '/home/gongsf/program/MaiterInc/bin/release/CMakeFiles/CMakeTmp'
Building C object CMakeFiles/cmTC_0533a.dir/src.c.o
/usr/bin/cc   -DCompilePCFromUContext   -o CMakeFiles/cmTC_0533a.dir/src.c.o   -c /home/gongsf/program/MaiterInc/bin/release/CMakeFiles/CMakeTmp/src.c
/home/gongsf/program/MaiterInc/bin/release/CMakeFiles/CMakeTmp/src.c: In function 'main':
/home/gongsf/program/MaiterInc/bin/release/CMakeFiles/CMakeTmp/src.c:8:34: error: 'REG_EIP' undeclared (first use in this function); did you mean 'REG_RIP'?
     return ctx.uc_mcontext.gregs[REG_EIP] == 0;
                                  ^~~~~~~
                                  REG_RIP
/home/gongsf/program/MaiterInc/bin/release/CMakeFiles/CMakeTmp/src.c:8:34: note: each undeclared identifier is reported only once for each function it appears in
CMakeFiles/cmTC_0533a.dir/build.make:65: recipe for target 'CMakeFiles/cmTC_0533a.dir/src.c.o' failed
make[2]: *** [CMakeFiles/cmTC_0533a.dir/src.c.o] Error 1
make[2]: Leaving directory '/home/gongsf/program/MaiterInc/bin/release/CMakeFiles/CMakeTmp'
Makefile:126: recipe for target 'cmTC_0533a/fast' failed
make[1]: *** [cmTC_0533a/fast] Error 2
make[1]: Leaving directory '/home/gongsf/program/MaiterInc/bin/release/CMakeFiles/CMakeTmp'

Source file was:

  #define _GNU_SOURCE 1
  
#include <ucontext.h>
#include <sys/ucontext.h>
  int main(int argc, char** argv) {
    ucontext_t ctx;
    return ctx.uc_mcontext.gregs[REG_EIP] == 0;
  }
Performing C SOURCE FILE Test CompilePCFromUContext failed with the following output:
Change Dir: /home/gongsf/program/MaiterInc/bin/release/CMakeFiles/CMakeTmp

Run Build Command:"/usr/bin/make" "cmTC_12224/fast"
make[1]: Entering directory '/home/gongsf/program/MaiterInc/bin/release/CMakeFiles/CMakeTmp'
/usr/bin/make -f CMakeFiles/cmTC_12224.dir/build.make CMakeFiles/cmTC_12224.dir/build
make[2]: Entering directory '/home/gongsf/program/MaiterInc/bin/release/CMakeFiles/CMakeTmp'
Building C object CMakeFiles/cmTC_12224.dir/src.c.o
/usr/bin/cc   -DCompilePCFromUContext   -o CMakeFiles/cmTC_12224.dir/src.c.o   -c /home/gongsf/program/MaiterInc/bin/release/CMakeFiles/CMakeTmp/src.c
/home/gongsf/program/MaiterInc/bin/release/CMakeFiles/CMakeTmp/src.c: In function 'main':
/home/gongsf/program/MaiterInc/bin/release/CMakeFiles/CMakeTmp/src.c:8:34: error: 'REG_EIP' undeclared (first use in this function); did you mean 'REG_RIP'?
     return ctx.uc_mcontext.gregs[REG_EIP] == 0;
                                  ^~~~~~~
                                  REG_RIP
/home/gongsf/program/MaiterInc/bin/release/CMakeFiles/CMakeTmp/src.c:8:34: note: each undeclared identifier is reported only once for each function it appears in
CMakeFiles/cmTC_12224.dir/build.make:65: recipe for target 'CMakeFiles/cmTC_12224.dir/src.c.o' failed
make[2]: *** [CMakeFiles/cmTC_12224.dir/src.c.o] Error 1
make[2]: Leaving directory '/home/gongsf/program/MaiterInc/bin/release/CMakeFiles/CMakeTmp'
Makefile:126: recipe for target 'cmTC_12224/fast' failed
make[1]: *** [cmTC_12224/fast] Error 2
make[1]: Leaving directory '/home/gongsf/program/MaiterInc/bin/release/CMakeFiles/CMakeTmp'

Source file was:

  #define _GNU_SOURCE 1
  
#include <ucontext.h>
#include <sys/ucontext.h>
  int main(int argc, char** argv) {
    ucontext_t ctx;
    return ctx.uc_mcontext.gregs[REG_EIP] == 0;
  }
Performing C SOURCE FILE Test CompilePCFromUContext failed with the following output:
Change Dir: /home/gongsf/program/MaiterInc/bin/release/CMakeFiles/CMakeTmp

Run Build Command:"/usr/bin/make" "cmTC_c41a7/fast"
make[1]: Entering directory '/home/gongsf/program/MaiterInc/bin/release/CMakeFiles/CMakeTmp'
/usr/bin/make -f CMakeFiles/cmTC_c41a7.dir/build.make CMakeFiles/cmTC_c41a7.dir/build
make[2]: Entering directory '/home/gongsf/program/MaiterInc/bin/release/CMakeFiles/CMakeTmp'
Building C object CMakeFiles/cmTC_c41a7.dir/src.c.o
/usr/bin/cc   -DCompilePCFromUContext   -o CMakeFiles/cmTC_c41a7.dir/src.c.o   -c /home/gongsf/program/MaiterInc/bin/release/CMakeFiles/CMakeTmp/src.c
/home/gongsf/program/MaiterInc/bin/release/CMakeFiles/CMakeTmp/src.c: In function 'main':
/home/gongsf/program/MaiterInc/bin/release/CMakeFiles/CMakeTmp/src.c:8:34: error: 'REG_EIP' undeclared (first use in this function); did you mean 'REG_RIP'?
     return ctx.uc_mcontext.gregs[REG_EIP] == 0;
                                  ^~~~~~~
                                  REG_RIP
/home/gongsf/program/MaiterInc/bin/release/CMakeFiles/CMakeTmp/src.c:8:34: note: each undeclared identifier is reported only once for each function it appears in
CMakeFiles/cmTC_c41a7.dir/build.make:65: recipe for target 'CMakeFiles/cmTC_c41a7.dir/src.c.o' failed
make[2]: *** [CMakeFiles/cmTC_c41a7.dir/src.c.o] Error 1
make[2]: Leaving directory '/home/gongsf/program/MaiterInc/bin/release/CMakeFiles/CMakeTmp'
Makefile:126: recipe for target 'cmTC_c41a7/fast' failed
make[1]: *** [cmTC_c41a7/fast] Error 2
make[1]: Leaving directory '/home/gongsf/program/MaiterInc/bin/release/CMakeFiles/CMakeTmp'

Source file was:

  #define _GNU_SOURCE 1
  
#include <ucontext.h>
#include <sys/ucontext.h>
  int main(int argc, char** argv) {
    ucontext_t ctx;
    return ctx.uc_mcontext.gregs[REG_EIP] == 0;
  }
Performing C SOURCE FILE Test CompilePCFromUContext failed with the following output:
Change Dir: /home/gongsf/program/MaiterInc/bin/release/CMakeFiles/CMakeTmp

Run Build Command:"/usr/bin/make" "cmTC_19d72/fast"
make[1]: Entering directory '/home/gongsf/program/MaiterInc/bin/release/CMakeFiles/CMakeTmp'
/usr/bin/make -f CMakeFiles/cmTC_19d72.dir/build.make CMakeFiles/cmTC_19d72.dir/build
make[2]: Entering directory '/home/gongsf/program/MaiterInc/bin/release/CMakeFiles/CMakeTmp'
Building C object CMakeFiles/cmTC_19d72.dir/src.c.o
/usr/bin/cc   -DCompilePCFromUContext   -o CMakeFiles/cmTC_19d72.dir/src.c.o   -c /home/gongsf/program/MaiterInc/bin/release/CMakeFiles/CMakeTmp/src.c
/home/gongsf/program/MaiterInc/bin/release/CMakeFiles/CMakeTmp/src.c: In function 'main':
/home/gongsf/program/MaiterInc/bin/release/CMakeFiles/CMakeTmp/src.c:8:34: error: 'REG_EIP' undeclared (first use in this function); did you mean 'REG_RIP'?
     return ctx.uc_mcontext.gregs[REG_EIP] == 0;
                                  ^~~~~~~
                                  REG_RIP
/home/gongsf/program/MaiterInc/bin/release/CMakeFiles/CMakeTmp/src.c:8:34: note: each undeclared identifier is reported only once for each function it appears in
CMakeFiles/cmTC_19d72.dir/build.make:65: recipe for target 'CMakeFiles/cmTC_19d72.dir/src.c.o' failed
make[2]: *** [CMakeFiles/cmTC_19d72.dir/src.c.o] Error 1
make[2]: Leaving directory '/home/gongsf/program/MaiterInc/bin/release/CMakeFiles/CMakeTmp'
Makefile:126: recipe for target 'cmTC_19d72/fast' failed
make[1]: *** [cmTC_19d72/fast] Error 2
make[1]: Leaving directory '/home/gongsf/program/MaiterInc/bin/release/CMakeFiles/CMakeTmp'

Source file was:

  #define _GNU_SOURCE 1
  
#include <ucontext.h>
#include <sys/ucontext.h>
  int main(int argc, char** argv) {
    ucontext_t ctx;
    return ctx.uc_mcontext.gregs[REG_EIP] == 0;
  }
